<?xml version="1.0" encoding="UTF-8"?>
<!-- Generated by org.testng.reporters.JUnitXMLReporter -->
<testsuite hostname="DEL-BBQ0PQ2" ignored="0" tests="8" failures="0" timestamp="28 Jul 2020 12:01:22 GMT" time="0.043" errors="0">
  <testcase name="divide" time="0.008" classname="DemoTest"/>
  <testcase name="minus" time="0.0" classname="DemoTest"/>
  <testcase name="multiply" time="0.0" classname="DemoTest"/>
  <testcase name="sum" time="0.001" classname="DemoTest"/>
  <testcase name="divide" time="0.001" classname="DemoTestTwo"/>
  <testcase name="minus" time="0.0" classname="DemoTestTwo"/>
  <testcase name="multiply" time="0.0" classname="DemoTestTwo"/>
  <testcase name="sum" time="0.0" classname="DemoTestTwo"/>
</testsuite>
